<?xml version="1.0" encoding="UTF-8"?>
<!-- Generated by org.testng.reporters.JUnitReportReporter -->
<testsuite skipped="0" hostname="LAPTOP-EE4RPU3V" name="POM.Loginpage" tests="1" failures="0" timestamp="08 Dec 2018 14:24:02 GMT" time="0.024" errors="0">
  <testcase name="m1" time="0.024" classname="POM.Loginpage"/>
</testsuite> <!-- POM.Loginpage -->
